<?xml version="1.0" encoding="UTF-8"?>
<testng-results ignored="0" total="1" passed="1" failed="0" skipped="0">
  <reporter-output>
  </reporter-output>
  <suite started-at="2022-09-15T16:57:12 IST" name="Default suite" finished-at="2022-09-15T16:57:49 IST" duration-ms="37384">
    <groups>
    </groups>
    <test started-at="2022-09-15T16:57:12 IST" name="Default test" finished-at="2022-09-15T16:57:49 IST" duration-ms="37384">
      <class name="pom.test">
        <test-method is-config="true" signature="beforeMethod()[pri:0, instance:pom.test@5d534f5d]" started-at="2022-09-15T16:57:12 IST" name="beforeMethod" finished-at="2022-09-15T16:57:39 IST" duration-ms="27003" status="PASS">
          <reporter-output>
          </reporter-output>
        </test-method> <!-- beforeMethod -->
        <test-method signature="validLogin()[pri:0, instance:pom.test@5d534f5d]" started-at="2022-09-15T16:57:39 IST" name="validLogin" finished-at="2022-09-15T16:57:49 IST" duration-ms="9936" status="PASS">
          <reporter-output>
          </reporter-output>
        </test-method> <!-- validLogin -->
        <test-method is-config="true" signature="afterMethod()[pri:0, instance:pom.test@5d534f5d]" started-at="2022-09-15T16:57:49 IST" name="afterMethod" finished-at="2022-09-15T16:57:49 IST" duration-ms="383" status="PASS">
          <reporter-output>
          </reporter-output>
        </test-method> <!-- afterMethod -->
      </class> <!-- pom.test -->
    </test> <!-- Default test -->
  </suite> <!-- Default suite -->
</testng-results>
