<?xml version="1.0" encoding="UTF-8"?>
<testng-results ignored="0" total="1" passed="1" failed="0" skipped="0">
  <reporter-output>
    <line>
      <![CDATA[Homepage not displayed]]>
    </line>
  </reporter-output>
  <suite started-at="2022-07-21T11:58:14 IST" name="Default suite" finished-at="2022-07-21T11:58:31 IST" duration-ms="17193">
    <groups>
    </groups>
    <test started-at="2022-07-21T11:58:14 IST" name="Default test" finished-at="2022-07-21T11:58:31 IST" duration-ms="17193">
      <class name="generictest.test">
        <test-method is-config="true" signature="beforeMethod()[pri:0, instance:generictest.test@4a883b15]" started-at="2022-07-21T11:58:14 IST" name="beforeMethod" finished-at="2022-07-21T11:58:21 IST" duration-ms="7116" status="PASS">
          <reporter-output>
          </reporter-output>
        </test-method> <!-- beforeMethod -->
        <test-method signature="test1()[pri:0, instance:generictest.test@4a883b15]" started-at="2022-07-21T11:58:21 IST" name="test1" finished-at="2022-07-21T11:58:31 IST" duration-ms="9749" status="PASS">
          <reporter-output>
            <line>
              <![CDATA[Homepage not displayed]]>
            </line>
          </reporter-output>
        </test-method> <!-- test1 -->
        <test-method is-config="true" signature="afterMethod()[pri:0, instance:generictest.test@4a883b15]" started-at="2022-07-21T11:58:31 IST" name="afterMethod" finished-at="2022-07-21T11:58:31 IST" duration-ms="252" status="PASS">
          <reporter-output>
          </reporter-output>
        </test-method> <!-- afterMethod -->
      </class> <!-- generictest.test -->
    </test> <!-- Default test -->
  </suite> <!-- Default suite -->
</testng-results>
